32
[array([[ 0.7747052 , -0.06323507],
       [ 0.650144  , -0.4070573 ]], dtype=float32), array([-0.00159831,  0.02615436], dtype=float32), array([[-0.08703193,  0.4317813 , -0.26286018, -0.19466951, -0.13379496,
         0.15367594],
       [-0.02992624, -0.19129099,  0.6304834 , -0.8421867 ,  0.24539606,
        -0.5280434 ]], dtype=float32), array([ 0.01992389, -0.06196998, -0.11939131, -0.00367607,  0.00435869,
       -0.0057879 ], dtype=float32), array([[ 0.42867652,  0.3649504 ,  0.3358565 ],
       [-0.40823904, -0.37652016, -0.51416016],
       [ 0.9031374 , -0.6544139 , -0.7731864 ],
       [ 0.51811844,  0.32121518, -0.40145496],
       [-0.13394707, -0.04317584, -0.35383993],
       [ 0.41144678, -0.7426472 , -0.27136636]], dtype=float32), array([-0.00285651, -0.07616875,  0.00990287], dtype=float32)]
7
[array([[ 0.7854629 , -0.04125741],
       [ 0.6852016 , -0.39015916]], dtype=float32), array([-0.01038224,  0.00734682], dtype=float32), array([[-0.07250545,  0.44024798, -0.24765646, -0.15491252, -0.13209273,
         0.17924887],
       [-0.00751043, -0.17052984,  0.62839633, -0.83844525,  0.24764666,
        -0.55184686]], dtype=float32), array([ 0.04266652, -0.07617615, -0.11546778, -0.01288093, -0.00753894,
        0.00724394], dtype=float32), array([[ 0.41694897,  0.34207228,  0.3199004 ],
       [-0.3792163 , -0.3916829 , -0.5176183 ],
       [ 0.87006134, -0.65294045, -0.75849414],
       [ 0.49213064,  0.30472788, -0.4022281 ],
       [-0.13195293, -0.03968842, -0.3502623 ],
       [ 0.39457   , -0.75143087, -0.2738606 ]], dtype=float32), array([-0.01100471, -0.07073041,  0.01096369], dtype=float32)]
14
[array([[ 0.7854629 , -0.04125741],
       [ 0.6852016 , -0.39015916]], dtype=float32), array([0.        , 0.00734682], dtype=float32), array([[-0.07250545,  0.44024798, -0.24765646, -0.15491252, -0.13209273,
         0.17924887],
       [-0.00751043, -0.17052984,  0.62839633, -0.83844525,  0.24764666,
        -0.55184686]], dtype=float32), array([ 0.        ,  0.        , -0.11546778,  0.        ,  0.        ,
        0.00724394], dtype=float32), array([[-0.4152258 , -0.01769006, -0.0482105 ],
       [ 0.01079065, -0.03218448,  0.0607146 ],
       [ 0.87006134, -0.65294045, -0.75849414],
       [ 0.49213064,  0.30472788, -0.4022281 ],
       [-0.13195293, -0.03968842, -0.3502623 ],
       [ 0.39457   , -0.75143087, -0.2738606 ]], dtype=float32), array([0.        , 0.        , 0.01096369], dtype=float32)]
0
[array([[-0.8011488, -0.7333322],
       [-0.905138 , -0.820962 ]], dtype=float32), array([0., 0.], dtype=float32), array([[-0.8527812 ,  0.567872  , -0.6685764 ,  0.6489541 ,  0.31154746,
        -0.44176647],
       [-0.46336848, -0.5090539 ,  0.65961796, -0.43264928,  0.82600445,
         0.02244276]], dtype=float32), array([0., 0., 0., 0., 0., 0.], dtype=float32), array([[ 0.22563887,  0.13723975, -0.13944322],
       [ 0.41120565,  0.45661724,  0.8045789 ],
       [ 0.04058379,  0.6802933 , -0.77195835],
       [ 0.6812184 , -0.26511365,  0.4566338 ],
       [-0.40661484,  0.15358543, -0.6452894 ],
       [ 0.51480913,  0.04940909, -0.6860278 ]], dtype=float32), array([0., 0., 0.], dtype=float32)]
13
[array([[ 0.7747052 , -0.06323507],
       [ 0.650144  , -0.4070573 ]], dtype=float32), array([-0.00159831,  0.02615436], dtype=float32), array([[-0.08703193,  0.4317813 , -0.26286018, -0.19466951, -0.13379496,
         0.15367594],
       [-0.02992624, -0.19129099,  0.6304834 , -0.8421867 ,  0.24539606,
        -0.5280434 ]], dtype=float32), array([ 0.01992389, -0.06196998, -0.11939131, -0.00367607,  0.00435869,
       -0.0057879 ], dtype=float32), array([[ 0.42867652,  0.3649504 ,  0.3358565 ],
       [-0.40823904, -0.37652016, -0.51416016],
       [ 0.9031374 , -0.6544139 , -0.7731864 ],
       [ 0.51811844,  0.32121518, -0.40145496],
       [-0.13394707, -0.04317584, -0.35383993],
       [ 0.41144678, -0.7426472 , -0.27136636]], dtype=float32), array([-0.00285651, -0.07616875,  0.00990287], dtype=float32)]
1
[array([[ 0.31720984,  0.89496195],
       [-0.72527325,  1.181693  ]], dtype=float32), array([0., 0.], dtype=float32), array([[-0.07928121, -0.52085936, -0.5922734 ,  0.2605211 ,  0.794069  ,
        -0.23481774],
       [ 0.8289488 ,  0.3406698 , -0.46650216,  0.7090103 ,  0.53434604,
        -0.2511537 ]], dtype=float32), array([0., 0., 0., 0., 0., 0.], dtype=float32), array([[ 0.5927967 , -0.5942929 ,  0.25533426],
       [-0.77519953, -0.24547827, -0.5943723 ],
       [ 0.5720806 , -0.30307895, -0.22318369],
       [ 0.7846329 , -0.21373099, -0.7375893 ],
       [ 0.00126415, -0.45435095,  0.6099825 ],
       [-0.11659169, -0.5727394 , -0.31761518]], dtype=float32), array([0., 0., 0.], dtype=float32)]
82
[array([[ 0.7732944 , -0.05998065],
       [ 0.7283419 , -0.38255513]], dtype=float32), array([-0.04344827,  0.0136483 ], dtype=float32), array([[-0.07711454,  0.50689536, -0.18772525, -0.14911102, -0.09128406,
         0.14447917],
       [-0.03839664, -0.17755915,  0.6494552 , -0.9088742 ,  0.18324763,
        -0.52563614]], dtype=float32), array([-0.00230634, -0.06889542, -0.07750924, -0.06946152,  0.00666572,
        0.02743732], dtype=float32), array([[ 0.43108776,  0.3122723 ,  0.3690732 ],
       [-0.37592992, -0.36520183, -0.4319192 ],
       [ 0.97778624, -0.6643945 , -0.8000411 ],
       [ 0.53290147,  0.32760376, -0.44241896],
       [-0.15208031, -0.04004817, -0.29146948],
       [ 0.4044475 , -0.7463187 , -0.2511852 ]], dtype=float32), array([-0.05362742, -0.09179185, -0.01467659], dtype=float32)]
